e:\session 5\infographie\semaine 5\travail pratique 1\opengl-drawing\opengl-drawing\debug\vc141.pdb
e:\session 5\infographie\semaine 5\travail pratique 1\opengl-drawing\opengl-drawing\debug\vc141.idb
e:\session 5\infographie\semaine 5\travail pratique 1\opengl-drawing\opengl-drawing\debug\triangle.obj
e:\session 5\infographie\semaine 5\travail pratique 1\opengl-drawing\opengl-drawing\debug\tool.obj
e:\session 5\infographie\semaine 5\travail pratique 1\opengl-drawing\opengl-drawing\debug\shaderloader.obj
e:\session 5\infographie\semaine 5\travail pratique 1\opengl-drawing\opengl-drawing\debug\quadrilateral.obj
e:\session 5\infographie\semaine 5\travail pratique 1\opengl-drawing\opengl-drawing\debug\point.obj
e:\session 5\infographie\semaine 5\travail pratique 1\opengl-drawing\opengl-drawing\debug\pencil.obj
e:\session 5\infographie\semaine 5\travail pratique 1\opengl-drawing\opengl-drawing\debug\main.obj
e:\session 5\infographie\semaine 5\travail pratique 1\opengl-drawing\opengl-drawing\debug\line.obj
e:\session 5\infographie\semaine 5\travail pratique 1\opengl-drawing\opengl-drawing\debug\glutwindow.obj
e:\session 5\infographie\semaine 5\travail pratique 1\opengl-drawing\debug\opengl-drawing.exe
e:\session 5\infographie\semaine 5\travail pratique 1\opengl-drawing\debug\opengl-drawing.ilk
e:\session 5\infographie\semaine 5\travail pratique 1\opengl-drawing\debug\opengl-drawing.pdb
e:\session 5\infographie\semaine 5\travail pratique 1\opengl-drawing\opengl-drawing\debug\quadrilateral.obj.enc
e:\session 5\infographie\semaine 5\travail pratique 1\opengl-drawing\opengl-drawing\debug\opengl-drawing.tlog\cl.read.1.tlog
e:\session 5\infographie\semaine 5\travail pratique 1\opengl-drawing\opengl-drawing\debug\opengl-drawing.tlog\link.read.1.tlog
e:\session 5\infographie\semaine 5\travail pratique 1\opengl-drawing\opengl-drawing\debug\opengl-drawing.tlog\cl.write.1.tlog
e:\session 5\infographie\semaine 5\travail pratique 1\opengl-drawing\opengl-drawing\debug\opengl-drawing.tlog\link.write.1.tlog
e:\session 5\infographie\semaine 5\travail pratique 1\opengl-drawing\opengl-drawing\debug\opengl-drawing.tlog\cl.command.1.tlog
e:\session 5\infographie\semaine 5\travail pratique 1\opengl-drawing\opengl-drawing\debug\opengl-drawing.tlog\link.command.1.tlog
